2019-03-24 19:04:06,549 set-fi logging-0.0.1-runner.jar[19429] DEBUG [org.jbo.logging] (main) Logging Provider: org.jboss.logging.JBossLogManagerProvider
2019-03-24 19:04:06,685 set-fi logging-0.0.1-runner.jar[19429] DEBUG [io.qua.arc] (main) ArC DI container initialized [beans=4, observers=0]
2019-03-24 19:04:06,715 set-fi logging-0.0.1-runner.jar[19429] DEBUG [io.qua.arc.run.ArcDeploymentTemplate] (main) No matching bean found for type class io.quarkus.resteasy.runtime.ResteasyFilter and qualifiers []. The bean might have been marked as unused and removed during build.
2019-03-24 19:04:06,717 set-fi logging-0.0.1-runner.jar[19429] DEBUG [io.qua.arc.run.ArcDeploymentTemplate] (main) No matching bean found for type class io.quarkus.undertow.runtime.HttpSessionContext and qualifiers []. The bean might have been marked as unused and removed during build.
2019-03-24 19:04:06,747 set-fi logging-0.0.1-runner.jar[19429] DEBUG [io.und.session] (main) Setting default session timeout to 1800
2019-03-24 19:04:06,754 set-fi logging-0.0.1-runner.jar[19429] DEBUG [io.und.session] (main) Registered session listener io.undertow.servlet.core.SessionListenerBridge@635eaaf1
2019-03-24 19:04:06,821 set-fi logging-0.0.1-runner.jar[19429] DEBUG [io.qua.res.runtime] (main) Create constructor: public org.jboss.resteasy.plugins.providers.FileProvider()
2019-03-24 19:04:06,822 set-fi logging-0.0.1-runner.jar[19429] DEBUG [io.qua.arc.run.ArcDeploymentTemplate] (main) No matching bean found for type class org.jboss.resteasy.plugins.providers.FileProvider and qualifiers []. The bean might have been marked as unused and removed during build.
2019-03-24 19:04:06,826 set-fi logging-0.0.1-runner.jar[19429] DEBUG [io.qua.res.runtime] (main) Create constructor: public org.jboss.resteasy.plugins.providers.FileProvider()
2019-03-24 19:04:06,826 set-fi logging-0.0.1-runner.jar[19429] DEBUG [io.qua.arc.run.ArcDeploymentTemplate] (main) No matching bean found for type class org.jboss.resteasy.plugins.providers.FileProvider and qualifiers []. The bean might have been marked as unused and removed during build.
2019-03-24 19:04:06,827 set-fi logging-0.0.1-runner.jar[19429] DEBUG [io.qua.res.runtime] (main) Create constructor: public org.jboss.resteasy.plugins.providers.sse.SseEventOutputProvider()
2019-03-24 19:04:06,827 set-fi logging-0.0.1-runner.jar[19429] DEBUG [io.qua.arc.run.ArcDeploymentTemplate] (main) No matching bean found for type class org.jboss.resteasy.plugins.providers.sse.SseEventOutputProvider and qualifiers []. The bean might have been marked as unused and removed during build.
2019-03-24 19:04:06,833 set-fi logging-0.0.1-runner.jar[19429] DEBUG [io.qua.res.runtime] (main) Create constructor: public org.jboss.resteasy.plugins.providers.DefaultTextPlain()
2019-03-24 19:04:06,833 set-fi logging-0.0.1-runner.jar[19429] DEBUG [io.qua.arc.run.ArcDeploymentTemplate] (main) No matching bean found for type class org.jboss.resteasy.plugins.providers.DefaultTextPlain and qualifiers []. The bean might have been marked as unused and removed during build.
2019-03-24 19:04:06,834 set-fi logging-0.0.1-runner.jar[19429] DEBUG [io.qua.res.runtime] (main) Create constructor: public org.jboss.resteasy.plugins.providers.DefaultTextPlain()
2019-03-24 19:04:06,834 set-fi logging-0.0.1-runner.jar[19429] DEBUG [io.qua.arc.run.ArcDeploymentTemplate] (main) No matching bean found for type class org.jboss.resteasy.plugins.providers.DefaultTextPlain and qualifiers []. The bean might have been marked as unused and removed during build.
2019-03-24 19:04:06,834 set-fi logging-0.0.1-runner.jar[19429] DEBUG [io.qua.res.runtime] (main) Create constructor: public org.jboss.resteasy.plugins.providers.MultiValuedParamConverterProvider()
2019-03-24 19:04:06,835 set-fi logging-0.0.1-runner.jar[19429] DEBUG [io.qua.arc.run.ArcDeploymentTemplate] (main) No matching bean found for type class org.jboss.resteasy.plugins.providers.MultiValuedParamConverterProvider and qualifiers []. The bean might have been marked as unused and removed during build.
2019-03-24 19:04:06,838 set-fi logging-0.0.1-runner.jar[19429] DEBUG [io.qua.res.runtime] (main) Create constructor: public org.jboss.resteasy.plugins.providers.DefaultBooleanWriter()
2019-03-24 19:04:06,838 set-fi logging-0.0.1-runner.jar[19429] DEBUG [io.qua.arc.run.ArcDeploymentTemplate] (main) No matching bean found for type class org.jboss.resteasy.plugins.providers.DefaultBooleanWriter and qualifiers []. The bean might have been marked as unused and removed during build.
2019-03-24 19:04:06,839 set-fi logging-0.0.1-runner.jar[19429] DEBUG [io.qua.res.runtime] (main) Create constructor: public org.jboss.resteasy.plugins.providers.ByteArrayProvider()
2019-03-24 19:04:06,839 set-fi logging-0.0.1-runner.jar[19429] DEBUG [io.qua.arc.run.ArcDeploymentTemplate] (main) No matching bean found for type class org.jboss.resteasy.plugins.providers.ByteArrayProvider and qualifiers []. The bean might have been marked as unused and removed during build.
2019-03-24 19:04:06,840 set-fi logging-0.0.1-runner.jar[19429] DEBUG [io.qua.res.runtime] (main) Create constructor: public org.jboss.resteasy.plugins.providers.ByteArrayProvider()
2019-03-24 19:04:06,840 set-fi logging-0.0.1-runner.jar[19429] DEBUG [io.qua.arc.run.ArcDeploymentTemplate] (main) No matching bean found for type class org.jboss.resteasy.plugins.providers.ByteArrayProvider and qualifiers []. The bean might have been marked as unused and removed during build.
2019-03-24 19:04:06,840 set-fi logging-0.0.1-runner.jar[19429] DEBUG [io.qua.res.runtime] (main) Create constructor: public org.jboss.resteasy.plugins.providers.ReactiveStreamProvider()
2019-03-24 19:04:06,840 set-fi logging-0.0.1-runner.jar[19429] DEBUG [io.qua.arc.run.ArcDeploymentTemplate] (main) No matching bean found for type class org.jboss.resteasy.plugins.providers.ReactiveStreamProvider and qualifiers []. The bean might have been marked as unused and removed during build.
2019-03-24 19:04:06,841 set-fi logging-0.0.1-runner.jar[19429] DEBUG [io.qua.res.runtime] (main) Create constructor: public org.jboss.resteasy.plugins.interceptors.CacheControlFeature()
2019-03-24 19:04:06,841 set-fi logging-0.0.1-runner.jar[19429] DEBUG [io.qua.arc.run.ArcDeploymentTemplate] (main) No matching bean found for type class org.jboss.resteasy.plugins.interceptors.CacheControlFeature and qualifiers []. The bean might have been marked as unused and removed during build.
2019-03-24 19:04:06,842 set-fi logging-0.0.1-runner.jar[19429] DEBUG [io.qua.res.runtime] (main) Create constructor: public org.jboss.resteasy.plugins.interceptors.CacheControlFeature()
2019-03-24 19:04:06,842 set-fi logging-0.0.1-runner.jar[19429] DEBUG [io.qua.arc.run.ArcDeploymentTemplate] (main) No matching bean found for type class org.jboss.resteasy.plugins.interceptors.CacheControlFeature and qualifiers []. The bean might have been marked as unused and removed during build.
2019-03-24 19:04:06,842 set-fi logging-0.0.1-runner.jar[19429] DEBUG [io.qua.res.runtime] (main) Create constructor: public org.jboss.resteasy.plugins.providers.StringTextStar()
2019-03-24 19:04:06,842 set-fi logging-0.0.1-runner.jar[19429] DEBUG [io.qua.arc.run.ArcDeploymentTemplate] (main) No matching bean found for type class org.jboss.resteasy.plugins.providers.StringTextStar and qualifiers []. The bean might have been marked as unused and removed during build.
2019-03-24 19:04:06,842 set-fi logging-0.0.1-runner.jar[19429] DEBUG [io.qua.res.runtime] (main) Create constructor: public org.jboss.resteasy.plugins.providers.StringTextStar()
2019-03-24 19:04:06,842 set-fi logging-0.0.1-runner.jar[19429] DEBUG [io.qua.arc.run.ArcDeploymentTemplate] (main) No matching bean found for type class org.jboss.resteasy.plugins.providers.StringTextStar and qualifiers []. The bean might have been marked as unused and removed during build.
2019-03-24 19:04:06,844 set-fi logging-0.0.1-runner.jar[19429] DEBUG [io.qua.res.runtime] (main) Create constructor: public org.jboss.resteasy.plugins.interceptors.ServerContentEncodingAnnotationFeature()
2019-03-24 19:04:06,844 set-fi logging-0.0.1-runner.jar[19429] DEBUG [io.qua.arc.run.ArcDeploymentTemplate] (main) No matching bean found for type class org.jboss.resteasy.plugins.interceptors.ServerContentEncodingAnnotationFeature and qualifiers []. The bean might have been marked as unused and removed during build.
2019-03-24 19:04:06,844 set-fi logging-0.0.1-runner.jar[19429] DEBUG [io.qua.res.runtime] (main) Create constructor: public org.jboss.resteasy.plugins.providers.CompletionStageProvider()
2019-03-24 19:04:06,844 set-fi logging-0.0.1-runner.jar[19429] DEBUG [io.qua.arc.run.ArcDeploymentTemplate] (main) No matching bean found for type class org.jboss.resteasy.plugins.providers.CompletionStageProvider and qualifiers []. The bean might have been marked as unused and removed during build.
2019-03-24 19:04:06,845 set-fi logging-0.0.1-runner.jar[19429] DEBUG [io.qua.res.runtime] (main) Create constructor: public org.jboss.resteasy.plugins.interceptors.ClientContentEncodingAnnotationFeature()
2019-03-24 19:04:06,845 set-fi logging-0.0.1-runner.jar[19429] DEBUG [io.qua.arc.run.ArcDeploymentTemplate] (main) No matching bean found for type class org.jboss.resteasy.plugins.interceptors.ClientContentEncodingAnnotationFeature and qualifiers []. The bean might have been marked as unused and removed during build.
2019-03-24 19:04:06,845 set-fi logging-0.0.1-runner.jar[19429] DEBUG [io.qua.res.runtime] (main) Create constructor: public org.jboss.resteasy.plugins.providers.DefaultNumberWriter()
2019-03-24 19:04:06,845 set-fi logging-0.0.1-runner.jar[19429] DEBUG [io.qua.arc.run.ArcDeploymentTemplate] (main) No matching bean found for type class org.jboss.resteasy.plugins.providers.DefaultNumberWriter and qualifiers []. The bean might have been marked as unused and removed during build.
2019-03-24 19:04:06,846 set-fi logging-0.0.1-runner.jar[19429] DEBUG [io.qua.res.runtime] (main) Create constructor: public org.jboss.resteasy.plugins.providers.StreamingOutputProvider()
2019-03-24 19:04:06,846 set-fi logging-0.0.1-runner.jar[19429] DEBUG [io.qua.arc.run.ArcDeploymentTemplate] (main) No matching bean found for type class org.jboss.resteasy.plugins.providers.StreamingOutputProvider and qualifiers []. The bean might have been marked as unused and removed during build.
2019-03-24 19:04:06,847 set-fi logging-0.0.1-runner.jar[19429] DEBUG [io.qua.res.runtime] (main) Create constructor: public io.quarkus.resteasy.runtime.RolesFilterRegistrar()
2019-03-24 19:04:06,847 set-fi logging-0.0.1-runner.jar[19429] DEBUG [io.qua.arc.run.ArcDeploymentTemplate] (main) No matching bean found for type class io.quarkus.resteasy.runtime.RolesFilterRegistrar and qualifiers []. The bean might have been marked as unused and removed during build.
2019-03-24 19:04:06,848 set-fi logging-0.0.1-runner.jar[19429] DEBUG [io.qua.res.runtime] (main) Create constructor: public io.quarkus.resteasy.runtime.RolesFilterRegistrar()
2019-03-24 19:04:06,848 set-fi logging-0.0.1-runner.jar[19429] DEBUG [io.qua.arc.run.ArcDeploymentTemplate] (main) No matching bean found for type class io.quarkus.resteasy.runtime.RolesFilterRegistrar and qualifiers []. The bean might have been marked as unused and removed during build.
2019-03-24 19:04:06,848 set-fi logging-0.0.1-runner.jar[19429] DEBUG [io.qua.res.runtime] (main) Create constructor: public org.jboss.resteasy.plugins.providers.ReaderProvider()
2019-03-24 19:04:06,848 set-fi logging-0.0.1-runner.jar[19429] DEBUG [io.qua.arc.run.ArcDeploymentTemplate] (main) No matching bean found for type class org.jboss.resteasy.plugins.providers.ReaderProvider and qualifiers []. The bean might have been marked as unused and removed during build.
2019-03-24 19:04:06,848 set-fi logging-0.0.1-runner.jar[19429] DEBUG [io.qua.res.runtime] (main) Create constructor: public org.jboss.resteasy.plugins.providers.ReaderProvider()
2019-03-24 19:04:06,848 set-fi logging-0.0.1-runner.jar[19429] DEBUG [io.qua.arc.run.ArcDeploymentTemplate] (main) No matching bean found for type class org.jboss.resteasy.plugins.providers.ReaderProvider and qualifiers []. The bean might have been marked as unused and removed during build.
2019-03-24 19:04:06,850 set-fi logging-0.0.1-runner.jar[19429] DEBUG [io.qua.res.runtime] (main) Create constructor: public org.jboss.resteasy.plugins.providers.DataSourceProvider()
2019-03-24 19:04:06,850 set-fi logging-0.0.1-runner.jar[19429] DEBUG [io.qua.arc.run.ArcDeploymentTemplate] (main) No matching bean found for type class org.jboss.resteasy.plugins.providers.DataSourceProvider and qualifiers []. The bean might have been marked as unused and removed during build.
2019-03-24 19:04:06,850 set-fi logging-0.0.1-runner.jar[19429] DEBUG [io.qua.res.runtime] (main) Create constructor: public org.jboss.resteasy.plugins.providers.DataSourceProvider()
2019-03-24 19:04:06,850 set-fi logging-0.0.1-runner.jar[19429] DEBUG [io.qua.arc.run.ArcDeploymentTemplate] (main) No matching bean found for type class org.jboss.resteasy.plugins.providers.DataSourceProvider and qualifiers []. The bean might have been marked as unused and removed during build.
2019-03-24 19:04:06,851 set-fi logging-0.0.1-runner.jar[19429] DEBUG [io.qua.res.runtime] (main) Create constructor: public org.jboss.resteasy.plugins.providers.FileRangeWriter()
2019-03-24 19:04:06,851 set-fi logging-0.0.1-runner.jar[19429] DEBUG [io.qua.arc.run.ArcDeploymentTemplate] (main) No matching bean found for type class org.jboss.resteasy.plugins.providers.FileRangeWriter and qualifiers []. The bean might have been marked as unused and removed during build.
2019-03-24 19:04:06,853 set-fi logging-0.0.1-runner.jar[19429] DEBUG [io.qua.res.runtime] (main) Create constructor: public org.jboss.resteasy.plugins.providers.InputStreamProvider()
2019-03-24 19:04:06,853 set-fi logging-0.0.1-runner.jar[19429] DEBUG [io.qua.arc.run.ArcDeploymentTemplate] (main) No matching bean found for type class org.jboss.resteasy.plugins.providers.InputStreamProvider and qualifiers []. The bean might have been marked as unused and removed during build.
2019-03-24 19:04:06,854 set-fi logging-0.0.1-runner.jar[19429] DEBUG [io.qua.res.runtime] (main) Create constructor: public org.jboss.resteasy.plugins.providers.InputStreamProvider()
2019-03-24 19:04:06,854 set-fi logging-0.0.1-runner.jar[19429] DEBUG [io.qua.arc.run.ArcDeploymentTemplate] (main) No matching bean found for type class org.jboss.resteasy.plugins.providers.InputStreamProvider and qualifiers []. The bean might have been marked as unused and removed during build.
2019-03-24 19:04:06,868 set-fi logging-0.0.1-runner.jar[19429] DEBUG [io.qua.res.runtime] (main) Create resource constructor: public io.xstefank.PingResource()
2019-03-24 19:04:06,878 set-fi logging-0.0.1-runner.jar[19429] DEBUG [io.qua.res.runtime] (main) Create constructor: public org.jboss.resteasy.plugins.providers.sse.SseEventSinkInterceptor()
2019-03-24 19:04:06,878 set-fi logging-0.0.1-runner.jar[19429] DEBUG [io.qua.arc.run.ArcDeploymentTemplate] (main) No matching bean found for type class org.jboss.resteasy.plugins.providers.sse.SseEventSinkInterceptor and qualifiers []. The bean might have been marked as unused and removed during build.
2019-03-24 19:04:06,878 set-fi logging-0.0.1-runner.jar[19429] DEBUG [io.qua.res.runtime] (main) Create constructor: public org.jboss.resteasy.plugins.interceptors.MessageSanitizerContainerResponseFilter()
2019-03-24 19:04:06,878 set-fi logging-0.0.1-runner.jar[19429] DEBUG [io.qua.arc.run.ArcDeploymentTemplate] (main) No matching bean found for type class org.jboss.resteasy.plugins.interceptors.MessageSanitizerContainerResponseFilter and qualifiers []. The bean might have been marked as unused and removed during build.
2019-03-24 19:04:06,880 set-fi logging-0.0.1-runner.jar[19429] DEBUG [io.qua.res.runtime] (main) Create resource constructor: public io.xstefank.PingResource()
2019-03-24 19:04:06,960 set-fi logging-0.0.1-runner.jar[19429] DEBUG [io.qua.undertow] (main) Starting Undertow on port 8080
2019-03-24 19:04:06,963 set-fi logging-0.0.1-runner.jar[19429] DEBUG [io.undertow] (main) starting undertow server io.undertow.Undertow@3d51f06e
2019-03-24 19:04:06,971 set-fi logging-0.0.1-runner.jar[19429] DEBUG [org.xnio] (main) XNIO version 3.7.0.Final
2019-03-24 19:04:06,985 set-fi logging-0.0.1-runner.jar[19429] DEBUG [org.xni.nio] (main) XNIO NIO Implementation Version 3.7.0.Final
2019-03-24 19:04:07,035 set-fi logging-0.0.1-runner.jar[19429] DEBUG [org.jbo.threads] (main) JBoss Threads version 3.0.0.Alpha4
2019-03-24 19:04:07,044 set-fi logging-0.0.1-runner.jar[19429] DEBUG [org.xni.nio] (XNIO-1 I/O-2) Started channel thread 'XNIO-1 I/O-2', selector sun.nio.ch.EPollSelectorImpl@47231fc1
2019-03-24 19:04:07,044 set-fi logging-0.0.1-runner.jar[19429] DEBUG [org.xni.nio] (XNIO-1 I/O-1) Started channel thread 'XNIO-1 I/O-1', selector sun.nio.ch.EPollSelectorImpl@3127470c
2019-03-24 19:04:07,045 set-fi logging-0.0.1-runner.jar[19429] DEBUG [org.xni.nio] (XNIO-1 I/O-4) Started channel thread 'XNIO-1 I/O-4', selector sun.nio.ch.EPollSelectorImpl@47479233
2019-03-24 19:04:07,045 set-fi logging-0.0.1-runner.jar[19429] DEBUG [org.xni.nio] (XNIO-1 I/O-5) Started channel thread 'XNIO-1 I/O-5', selector sun.nio.ch.EPollSelectorImpl@75658dbd
2019-03-24 19:04:07,045 set-fi logging-0.0.1-runner.jar[19429] DEBUG [org.xni.nio] (XNIO-1 I/O-3) Started channel thread 'XNIO-1 I/O-3', selector sun.nio.ch.EPollSelectorImpl@1ba7148b
2019-03-24 19:04:07,045 set-fi logging-0.0.1-runner.jar[19429] DEBUG [org.xni.nio] (XNIO-1 I/O-6) Started channel thread 'XNIO-1 I/O-6', selector sun.nio.ch.EPollSelectorImpl@4564974c
2019-03-24 19:04:07,045 set-fi logging-0.0.1-runner.jar[19429] DEBUG [org.xni.nio] (XNIO-1 I/O-7) Started channel thread 'XNIO-1 I/O-7', selector sun.nio.ch.EPollSelectorImpl@327ca692
2019-03-24 19:04:07,045 set-fi logging-0.0.1-runner.jar[19429] DEBUG [org.xni.nio] (XNIO-1 I/O-8) Started channel thread 'XNIO-1 I/O-8', selector sun.nio.ch.EPollSelectorImpl@567d2859
2019-03-24 19:04:07,046 set-fi logging-0.0.1-runner.jar[19429] DEBUG [org.xni.nio] (XNIO-1 Accept) Started channel thread 'XNIO-1 Accept', selector sun.nio.ch.EPollSelectorImpl@51f7a9e3
2019-03-24 19:04:07,047 set-fi logging-0.0.1-runner.jar[19429] DEBUG [io.undertow] (main) Configuring listener with protocol HTTP for interface 0.0.0.0 and port 8080
2019-03-24 19:04:07,087 set-fi logging-0.0.1-runner.jar[19429] INFO  [io.quarkus] (main) Quarkus 0.12.0 started in 0.580s. Listening on: http://[::]:8080
2019-03-24 19:04:07,088 set-fi logging-0.0.1-runner.jar[19429] INFO  [io.quarkus] (main) Installed features: [cdi, resteasy]
2019-03-24 19:04:07,894 set-fi logging-0.0.1-runner.jar[19429] DEBUG [io.und.req.security] (XNIO-1 task-1) Attempting to authenticate /ping, authentication required: false
2019-03-24 19:04:07,895 set-fi logging-0.0.1-runner.jar[19429] DEBUG [io.und.req.security] (XNIO-1 task-1) Authentication outcome was NOT_ATTEMPTED with method io.undertow.security.impl.CachedAuthenticatedSessionMechanism@4dccfcb0 for /ping
2019-03-24 19:04:07,896 set-fi logging-0.0.1-runner.jar[19429] DEBUG [io.und.req.security] (XNIO-1 task-1) Authentication result was ATTEMPTED for /ping
2019-03-24 19:04:07,912 set-fi logging-0.0.1-runner.jar[19429] DEBUG [org.jbo.res.res.i18n] (XNIO-1 task-1) RESTEASY002315: PathInfo: /ping
2019-03-24 19:04:07,919 set-fi logging-0.0.1-runner.jar[19429] INFO  [UtilLogger] (XNIO-1 task-1) Info
2019-03-24 19:04:07,919 set-fi logging-0.0.1-runner.jar[19429] INFO  [JBossLogger] (XNIO-1 task-1) info
2019-03-24 19:04:07,919 set-fi logging-0.0.1-runner.jar[19429] FINE  [UtilLogger] (XNIO-1 task-1) fine
2019-03-24 19:04:07,920 set-fi logging-0.0.1-runner.jar[19429] DEBUG [JBossLogger] (XNIO-1 task-1) debug
2019-03-24 19:04:07,930 set-fi logging-0.0.1-runner.jar[19429] DEBUG [org.jbo.res.res.i18n] (XNIO-1 task-1) MessageBodyWriter: org.jboss.resteasy.core.ResteasyProviderFactoryImpl$SortedKey
2019-03-24 19:04:07,930 set-fi logging-0.0.1-runner.jar[19429] DEBUG [org.jbo.res.res.i18n] (XNIO-1 task-1) MessageBodyWriter: org.jboss.resteasy.plugins.providers.StringTextStar
2019-03-24 19:04:07,930 set-fi logging-0.0.1-runner.jar[19429] DEBUG [org.jbo.res.res.i18n] (XNIO-1 task-1) MessageBodyWriter: org.jboss.resteasy.plugins.providers.StringTextStar
2019-03-24 19:04:07,931 set-fi logging-0.0.1-runner.jar[19429] DEBUG [org.jbo.res.res.i18n] (XNIO-1 task-1) Interceptor Context: org.jboss.resteasy.core.interception.jaxrs.ServerWriterInterceptorContext,  Method : proceed
2019-03-24 19:04:07,931 set-fi logging-0.0.1-runner.jar[19429] DEBUG [org.jbo.res.res.i18n] (XNIO-1 task-1) MessageBodyWriter: org.jboss.resteasy.core.ResteasyProviderFactoryImpl$SortedKey
2019-03-24 19:04:07,931 set-fi logging-0.0.1-runner.jar[19429] DEBUG [org.jbo.res.res.i18n] (XNIO-1 task-1) MessageBodyWriter: org.jboss.resteasy.plugins.providers.StringTextStar
2019-03-24 19:04:08,662 set-fi logging-0.0.1-runner.jar[19429] DEBUG [io.undertow] (main) stopping undertow server io.undertow.Undertow@3d51f06e
2019-03-24 19:04:08,679 set-fi logging-0.0.1-runner.jar[19429] DEBUG [io.qua.arc] (main) ArC DI container shut down
2019-03-24 19:04:08,679 set-fi logging-0.0.1-runner.jar[19429] INFO  [io.quarkus] (main) Quarkus stopped in 0.019s
