2019-03-26 08:02:12,516 set-fi resteasy-client-0.0.1-runner.jar[31951] DEBUG [org.xnio] (main) XNIO version 3.7.0.Final
2019-03-26 08:02:12,540 set-fi resteasy-client-0.0.1-runner.jar[31951] DEBUG [org.xni.nio] (main) XNIO NIO Implementation Version 3.7.0.Final
2019-03-26 08:02:12,597 set-fi resteasy-client-0.0.1-runner.jar[31951] DEBUG [org.jbo.threads] (main) JBoss Threads version 3.0.0.Alpha4
2019-03-26 08:02:12,665 set-fi resteasy-client-0.0.1-runner.jar[31951] INFO  [io.quarkus] (main) Quarkus 0.12.0 started in 0.639s. Listening on: http://[::]:8080
2019-03-26 08:02:12,669 set-fi resteasy-client-0.0.1-runner.jar[31951] INFO  [io.quarkus] (main) Installed features: [cdi, resteasy]
2019-03-26 08:02:19,116 set-fi resteasy-client-0.0.1-runner.jar[31951] INFO  [io.xst.PingResource] (XNIO-1 task-1) status: 200
2019-03-26 08:02:19,126 set-fi resteasy-client-0.0.1-runner.jar[31951] INFO  [io.xst.PingResource] (XNIO-1 task-1) body: <!doctype html>
<html>
<head>
    <title>Example Domain</title>

    <meta charset="utf-8" />
    <meta http-equiv="Content-type" content="text/html; charset=utf-8" />
    <meta name="viewport" content="width=device-width, initial-scale=1" />
    <style type="text/css">
    body {
        background-color: #f0f0f2;
        margin: 0;
        padding: 0;
        font-family: "Open Sans", "Helvetica Neue", Helvetica, Arial, sans-serif;
        
    }
    div {
        width: 600px;
        margin: 5em auto;
        padding: 50px;
        background-color: #fff;
        border-radius: 1em;
    }
    a:link, a:visited {
        color: #38488f;
        text-decoration: none;
    }
    @media (max-width: 700px) {
        body {
            background-color: #fff;
        }
        div {
            width: auto;
            margin: 0 auto;
            border-radius: 0;
            padding: 1em;
        }
    }
    </style>    
</head>

<body>
<div>
    <h1>Example Domain</h1>
    <p>This domain is established to be used for illustrative examples in documents. You may use this
    domain in examples without prior coordination or asking for permission.</p>
    <p><a href="http://www.iana.org/domains/example">More information...</a></p>
</div>
</body>
</html>

2019-03-26 08:02:31,060 set-fi resteasy-client-0.0.1-runner.jar[31951] INFO  [io.quarkus] (main) Quarkus stopped in 0.006s
2019-03-26 08:13:21,430 set-fi resteasy-client-0.0.1-runner.jar[2905] DEBUG [org.xnio] (main) XNIO version 3.7.0.Final
2019-03-26 08:13:21,454 set-fi resteasy-client-0.0.1-runner.jar[2905] DEBUG [org.xni.nio] (main) XNIO NIO Implementation Version 3.7.0.Final
2019-03-26 08:13:21,505 set-fi resteasy-client-0.0.1-runner.jar[2905] DEBUG [org.jbo.threads] (main) JBoss Threads version 3.0.0.Alpha4
2019-03-26 08:13:21,561 set-fi resteasy-client-0.0.1-runner.jar[2905] INFO  [io.quarkus] (main) Quarkus 0.12.0 started in 0.637s. Listening on: http://[::]:8080
2019-03-26 08:13:21,563 set-fi resteasy-client-0.0.1-runner.jar[2905] INFO  [io.quarkus] (main) Installed features: [cdi, resteasy]
2019-03-26 08:13:22,920 set-fi resteasy-client-0.0.1-runner.jar[2905] ERROR [io.und.request] (XNIO-1 task-1) UT005023: Exception handling request to /ping: org.jboss.resteasy.spi.UnhandledException: java.lang.RuntimeException: java.lang.ClassNotFoundException: org.glassfish.jersey.client.JerseyClientBuilder
	at org.jboss.resteasy.core.ExceptionHandler.handleApplicationException(ExceptionHandler.java:103)
	at org.jboss.resteasy.core.ExceptionHandler.handleException(ExceptionHandler.java:323)
	at org.jboss.resteasy.core.SynchronousDispatcher.writeException(SynchronousDispatcher.java:209)
	at org.jboss.resteasy.core.SynchronousDispatcher.invoke(SynchronousDispatcher.java:495)
	at org.jboss.resteasy.core.SynchronousDispatcher.lambda$invoke$4(SynchronousDispatcher.java:252)
	at org.jboss.resteasy.core.SynchronousDispatcher.lambda$preprocess$0(SynchronousDispatcher.java:153)
	at org.jboss.resteasy.core.interception.jaxrs.PreMatchContainerRequestContext.filter(PreMatchContainerRequestContext.java:362)
	at org.jboss.resteasy.core.SynchronousDispatcher.preprocess(SynchronousDispatcher.java:156)
	at org.jboss.resteasy.core.SynchronousDispatcher.invoke(SynchronousDispatcher.java:238)
	at org.jboss.resteasy.plugins.server.servlet.ServletContainerDispatcher.service(ServletContainerDispatcher.java:229)
	at io.quarkus.resteasy.runtime.ResteasyFilter$ResteasyResponseWrapper.sendError(ResteasyFilter.java:72)
	at io.undertow.servlet.handlers.DefaultServlet.doGet(DefaultServlet.java:175)
	at javax.servlet.http.HttpServlet.service(HttpServlet.java:686)
	at javax.servlet.http.HttpServlet.service(HttpServlet.java:791)
	at io.undertow.servlet.handlers.ServletHandler.handleRequest(ServletHandler.java:74)
	at io.undertow.servlet.handlers.FilterHandler$FilterChainImpl.doFilter(FilterHandler.java:129)
	at io.quarkus.resteasy.runtime.ResteasyFilter.doFilter(ResteasyFilter.java:43)
	at io.undertow.servlet.core.ManagedFilter.doFilter(ManagedFilter.java:61)
	at io.undertow.servlet.handlers.FilterHandler$FilterChainImpl.doFilter(FilterHandler.java:131)
	at io.undertow.servlet.handlers.FilterHandler.handleRequest(FilterHandler.java:84)
	at io.undertow.servlet.handlers.security.ServletSecurityRoleHandler.handleRequest(ServletSecurityRoleHandler.java:62)
	at io.undertow.servlet.handlers.ServletChain$1.handleRequest(ServletChain.java:68)
	at io.undertow.servlet.handlers.ServletDispatchingHandler.handleRequest(ServletDispatchingHandler.java:36)
	at io.undertow.servlet.handlers.security.SSLInformationAssociationHandler.handleRequest(SSLInformationAssociationHandler.java:132)
	at io.undertow.servlet.handlers.security.ServletAuthenticationCallHandler.handleRequest(ServletAuthenticationCallHandler.java:57)
	at io.undertow.server.handlers.PredicateHandler.handleRequest(PredicateHandler.java:43)
	at io.undertow.security.handlers.AbstractConfidentialityHandler.handleRequest(AbstractConfidentialityHandler.java:46)
	at io.undertow.servlet.handlers.security.ServletConfidentialityConstraintHandler.handleRequest(ServletConfidentialityConstraintHandler.java:64)
	at io.undertow.security.handlers.AuthenticationMechanismsHandler.handleRequest(AuthenticationMechanismsHandler.java:60)
	at io.undertow.servlet.handlers.security.CachedAuthenticatedSessionHandler.handleRequest(CachedAuthenticatedSessionHandler.java:77)
	at io.undertow.security.handlers.AbstractSecurityContextAssociationHandler.handleRequest(AbstractSecurityContextAssociationHandler.java:43)
	at io.undertow.server.handlers.PredicateHandler.handleRequest(PredicateHandler.java:43)
	at io.undertow.server.handlers.PredicateHandler.handleRequest(PredicateHandler.java:43)
	at io.undertow.servlet.handlers.ServletInitialHandler.handleFirstRequest(ServletInitialHandler.java:292)
	at io.undertow.servlet.handlers.ServletInitialHandler.access$100(ServletInitialHandler.java:81)
	at io.undertow.servlet.handlers.ServletInitialHandler$2.call(ServletInitialHandler.java:138)
	at io.undertow.servlet.handlers.ServletInitialHandler$2.call(ServletInitialHandler.java:135)
	at io.undertow.servlet.core.ServletRequestContextThreadSetupAction$1.call(ServletRequestContextThreadSetupAction.java:48)
	at io.undertow.servlet.core.ContextClassLoaderSetupAction$1.call(ContextClassLoaderSetupAction.java:43)
	at io.quarkus.undertow.runtime.UndertowDeploymentTemplate$7$1$1.call(UndertowDeploymentTemplate.java:415)
	at io.undertow.servlet.handlers.ServletInitialHandler.dispatchRequest(ServletInitialHandler.java:272)
	at io.undertow.servlet.handlers.ServletInitialHandler.access$000(ServletInitialHandler.java:81)
	at io.undertow.servlet.handlers.ServletInitialHandler$1.handleRequest(ServletInitialHandler.java:104)
	at io.undertow.server.Connectors.executeRootHandler(Connectors.java:364)
	at io.undertow.server.HttpServerExchange$1.run(HttpServerExchange.java:830)
	at org.jboss.threads.ContextClassLoaderSavingRunnable.run(ContextClassLoaderSavingRunnable.java:35)
	at org.jboss.threads.EnhancedQueueExecutor.safeRun(EnhancedQueueExecutor.java:1998)
	at org.jboss.threads.EnhancedQueueExecutor$ThreadBody.doRunTask(EnhancedQueueExecutor.java:1525)
	at org.jboss.threads.EnhancedQueueExecutor$ThreadBody.run(EnhancedQueueExecutor.java:1382)
	at java.lang.Thread.run(Thread.java:748)
Caused by: java.lang.RuntimeException: java.lang.ClassNotFoundException: org.glassfish.jersey.client.JerseyClientBuilder
	at javax.ws.rs.client.ClientBuilder.newBuilder(ClientBuilder.java:132)
	at javax.ws.rs.client.ClientBuilder.newClient(ClientBuilder.java:143)
	at io.xstefank.PingResource.hello(PingResource.java:20)
	at sun.reflect.NativeMethodAccessorImpl.invoke0(Native Method)
	at sun.reflect.NativeMethodAccessorImpl.invoke(NativeMethodAccessorImpl.java:62)
	at sun.reflect.DelegatingMethodAccessorImpl.invoke(DelegatingMethodAccessorImpl.java:43)
	at java.lang.reflect.Method.invoke(Method.java:498)
	at org.jboss.resteasy.core.MethodInjectorImpl.invoke(MethodInjectorImpl.java:152)
	at org.jboss.resteasy.core.MethodInjectorImpl.lambda$invoke$3(MethodInjectorImpl.java:123)
	at java.util.concurrent.CompletableFuture.uniApply(CompletableFuture.java:602)
	at java.util.concurrent.CompletableFuture.uniApplyStage(CompletableFuture.java:614)
	at java.util.concurrent.CompletableFuture.thenApply(CompletableFuture.java:1983)
	at java.util.concurrent.CompletableFuture.thenApply(CompletableFuture.java:110)
	at org.jboss.resteasy.core.MethodInjectorImpl.invoke(MethodInjectorImpl.java:123)
	at org.jboss.resteasy.core.ResourceMethodInvoker.internalInvokeOnTarget(ResourceMethodInvoker.java:543)
	at org.jboss.resteasy.core.ResourceMethodInvoker.invokeOnTargetAfterFilter(ResourceMethodInvoker.java:418)
	at org.jboss.resteasy.core.ResourceMethodInvoker.lambda$invokeOnTarget$2(ResourceMethodInvoker.java:372)
	at org.jboss.resteasy.core.interception.jaxrs.PreMatchContainerRequestContext.filter(PreMatchContainerRequestContext.java:362)
	at org.jboss.resteasy.core.ResourceMethodInvoker.invokeOnTarget(ResourceMethodInvoker.java:374)
	at org.jboss.resteasy.core.ResourceMethodInvoker.invoke(ResourceMethodInvoker.java:343)
	at org.jboss.resteasy.core.ResourceMethodInvoker.lambda$invoke$1(ResourceMethodInvoker.java:317)
	at java.util.concurrent.CompletableFuture.uniComposeStage(CompletableFuture.java:981)
	at java.util.concurrent.CompletableFuture.thenCompose(CompletableFuture.java:2124)
	at java.util.concurrent.CompletableFuture.thenCompose(CompletableFuture.java:110)
	at org.jboss.resteasy.core.ResourceMethodInvoker.invoke(ResourceMethodInvoker.java:317)
	at org.jboss.resteasy.core.SynchronousDispatcher.invoke(SynchronousDispatcher.java:476)
	... 46 more
Caused by: java.lang.ClassNotFoundException: org.glassfish.jersey.client.JerseyClientBuilder
	at java.net.URLClassLoader.findClass(URLClassLoader.java:382)
	at java.lang.ClassLoader.loadClass(ClassLoader.java:424)
	at sun.misc.Launcher$AppClassLoader.loadClass(Launcher.java:349)
	at java.lang.ClassLoader.loadClass(ClassLoader.java:357)
	at java.lang.Class.forName0(Native Method)
	at java.lang.Class.forName(Class.java:264)
	at javax.ws.rs.client.FactoryFinder.newInstance(FactoryFinder.java:119)
	at javax.ws.rs.client.FactoryFinder.find(FactoryFinder.java:226)
	at javax.ws.rs.client.ClientBuilder.newBuilder(ClientBuilder.java:96)
	... 71 more

2019-03-26 08:13:24,913 set-fi resteasy-client-0.0.1-runner.jar[2905] INFO  [io.quarkus] (main) Quarkus stopped in 0.012s
2019-03-26 08:13:39,603 set-fi resteasy-client-0.0.1-runner.jar[3222] DEBUG [org.xnio] (main) XNIO version 3.7.0.Final
2019-03-26 08:13:39,625 set-fi resteasy-client-0.0.1-runner.jar[3222] DEBUG [org.xni.nio] (main) XNIO NIO Implementation Version 3.7.0.Final
2019-03-26 08:13:39,674 set-fi resteasy-client-0.0.1-runner.jar[3222] DEBUG [org.jbo.threads] (main) JBoss Threads version 3.0.0.Alpha4
2019-03-26 08:13:39,737 set-fi resteasy-client-0.0.1-runner.jar[3222] INFO  [io.quarkus] (main) Quarkus 0.12.0 started in 0.637s. Listening on: http://[::]:8080
2019-03-26 08:13:39,739 set-fi resteasy-client-0.0.1-runner.jar[3222] INFO  [io.quarkus] (main) Installed features: [cdi, resteasy]
2019-03-26 08:13:41,573 set-fi resteasy-client-0.0.1-runner.jar[3222] INFO  [io.xst.PingResource] (XNIO-1 task-1) status: 200
2019-03-26 08:13:41,581 set-fi resteasy-client-0.0.1-runner.jar[3222] INFO  [io.xst.PingResource] (XNIO-1 task-1) body: <!doctype html>
<html>
<head>
    <title>Example Domain</title>

    <meta charset="utf-8" />
    <meta http-equiv="Content-type" content="text/html; charset=utf-8" />
    <meta name="viewport" content="width=device-width, initial-scale=1" />
    <style type="text/css">
    body {
        background-color: #f0f0f2;
        margin: 0;
        padding: 0;
        font-family: "Open Sans", "Helvetica Neue", Helvetica, Arial, sans-serif;
        
    }
    div {
        width: 600px;
        margin: 5em auto;
        padding: 50px;
        background-color: #fff;
        border-radius: 1em;
    }
    a:link, a:visited {
        color: #38488f;
        text-decoration: none;
    }
    @media (max-width: 700px) {
        body {
            background-color: #fff;
        }
        div {
            width: auto;
            margin: 0 auto;
            border-radius: 0;
            padding: 1em;
        }
    }
    </style>    
</head>

<body>
<div>
    <h1>Example Domain</h1>
    <p>This domain is established to be used for illustrative examples in documents. You may use this
    domain in examples without prior coordination or asking for permission.</p>
    <p><a href="http://www.iana.org/domains/example">More information...</a></p>
</div>
</body>
</html>

2019-03-26 08:13:42,601 set-fi resteasy-client-0.0.1-runner.jar[3222] INFO  [io.quarkus] (main) Quarkus stopped in 0.012s
2019-03-26 08:14:08,277 set-fi resteasy-client-0.0.1-runner.jar[3755] DEBUG [org.xnio] (main) XNIO version 3.7.0.Final
2019-03-26 08:14:08,299 set-fi resteasy-client-0.0.1-runner.jar[3755] DEBUG [org.xni.nio] (main) XNIO NIO Implementation Version 3.7.0.Final
2019-03-26 08:14:08,347 set-fi resteasy-client-0.0.1-runner.jar[3755] DEBUG [org.jbo.threads] (main) JBoss Threads version 3.0.0.Alpha4
2019-03-26 08:14:08,400 set-fi resteasy-client-0.0.1-runner.jar[3755] INFO  [io.quarkus] (main) Quarkus 0.12.0 started in 0.642s. Listening on: http://[::]:8080
2019-03-26 08:14:08,403 set-fi resteasy-client-0.0.1-runner.jar[3755] INFO  [io.quarkus] (main) Installed features: [cdi, resteasy, resteasy-jsonb]
2019-03-26 08:14:10,396 set-fi resteasy-client-0.0.1-runner.jar[3755] INFO  [io.xst.PingResource] (XNIO-1 task-1) status: 200
2019-03-26 08:14:10,405 set-fi resteasy-client-0.0.1-runner.jar[3755] INFO  [io.xst.PingResource] (XNIO-1 task-1) body: <!doctype html>
<html>
<head>
    <title>Example Domain</title>

    <meta charset="utf-8" />
    <meta http-equiv="Content-type" content="text/html; charset=utf-8" />
    <meta name="viewport" content="width=device-width, initial-scale=1" />
    <style type="text/css">
    body {
        background-color: #f0f0f2;
        margin: 0;
        padding: 0;
        font-family: "Open Sans", "Helvetica Neue", Helvetica, Arial, sans-serif;
        
    }
    div {
        width: 600px;
        margin: 5em auto;
        padding: 50px;
        background-color: #fff;
        border-radius: 1em;
    }
    a:link, a:visited {
        color: #38488f;
        text-decoration: none;
    }
    @media (max-width: 700px) {
        body {
            background-color: #fff;
        }
        div {
            width: auto;
            margin: 0 auto;
            border-radius: 0;
            padding: 1em;
        }
    }
    </style>    
</head>

<body>
<div>
    <h1>Example Domain</h1>
    <p>This domain is established to be used for illustrative examples in documents. You may use this
    domain in examples without prior coordination or asking for permission.</p>
    <p><a href="http://www.iana.org/domains/example">More information...</a></p>
</div>
</body>
</html>

2019-03-26 08:14:11,890 set-fi resteasy-client-0.0.1-runner.jar[3755] INFO  [io.quarkus] (main) Quarkus stopped in 0.014s
2019-03-26 08:15:05,250 set-fi resteasy-client-0.0.1-runner.jar[4167] DEBUG [org.xnio] (main) XNIO version 3.7.0.Final
2019-03-26 08:15:05,273 set-fi resteasy-client-0.0.1-runner.jar[4167] DEBUG [org.xni.nio] (main) XNIO NIO Implementation Version 3.7.0.Final
2019-03-26 08:15:05,321 set-fi resteasy-client-0.0.1-runner.jar[4167] DEBUG [org.jbo.threads] (main) JBoss Threads version 3.0.0.Alpha4
2019-03-26 08:15:05,382 set-fi resteasy-client-0.0.1-runner.jar[4167] INFO  [io.quarkus] (main) Quarkus 0.12.0 started in 0.661s. Listening on: http://[::]:8080
2019-03-26 08:15:05,384 set-fi resteasy-client-0.0.1-runner.jar[4167] INFO  [io.quarkus] (main) Installed features: [cdi, resteasy, resteasy-jsonb]
2019-03-26 08:15:06,731 set-fi resteasy-client-0.0.1-runner.jar[4167] INFO  [io.xst.PingResource] (XNIO-1 task-1) status: 200
2019-03-26 08:15:06,740 set-fi resteasy-client-0.0.1-runner.jar[4167] INFO  [io.xst.PingResource] (XNIO-1 task-1) body: <!doctype html>
<html>
<head>
    <title>Example Domain</title>

    <meta charset="utf-8" />
    <meta http-equiv="Content-type" content="text/html; charset=utf-8" />
    <meta name="viewport" content="width=device-width, initial-scale=1" />
    <style type="text/css">
    body {
        background-color: #f0f0f2;
        margin: 0;
        padding: 0;
        font-family: "Open Sans", "Helvetica Neue", Helvetica, Arial, sans-serif;
        
    }
    div {
        width: 600px;
        margin: 5em auto;
        padding: 50px;
        background-color: #fff;
        border-radius: 1em;
    }
    a:link, a:visited {
        color: #38488f;
        text-decoration: none;
    }
    @media (max-width: 700px) {
        body {
            background-color: #fff;
        }
        div {
            width: auto;
            margin: 0 auto;
            border-radius: 0;
            padding: 1em;
        }
    }
    </style>    
</head>

<body>
<div>
    <h1>Example Domain</h1>
    <p>This domain is established to be used for illustrative examples in documents. You may use this
    domain in examples without prior coordination or asking for permission.</p>
    <p><a href="http://www.iana.org/domains/example">More information...</a></p>
</div>
</body>
</html>

2019-03-26 08:15:07,777 set-fi resteasy-client-0.0.1-runner.jar[4167] INFO  [io.quarkus] (main) Quarkus stopped in 0.013s
2019-03-26 08:15:47,468 set-fi resteasy-client-0.0.1-runner.jar[4688] DEBUG [org.xnio] (main) XNIO version 3.7.0.Final
2019-03-26 08:15:47,493 set-fi resteasy-client-0.0.1-runner.jar[4688] DEBUG [org.xni.nio] (main) XNIO NIO Implementation Version 3.7.0.Final
2019-03-26 08:15:47,540 set-fi resteasy-client-0.0.1-runner.jar[4688] DEBUG [org.jbo.threads] (main) JBoss Threads version 3.0.0.Alpha4
2019-03-26 08:15:47,602 set-fi resteasy-client-0.0.1-runner.jar[4688] INFO  [io.quarkus] (main) Quarkus 0.12.0 started in 0.653s. Listening on: http://[::]:8080
2019-03-26 08:15:47,604 set-fi resteasy-client-0.0.1-runner.jar[4688] INFO  [io.quarkus] (main) Installed features: [cdi, resteasy, resteasy-jsonb]
2019-03-26 08:15:48,383 set-fi resteasy-client-0.0.1-runner.jar[4688] ERROR [io.und.request] (XNIO-1 task-1) UT005023: Exception handling request to /ping: org.jboss.resteasy.spi.UnhandledException: java.lang.RuntimeException: java.lang.ClassNotFoundException: org.glassfish.jersey.client.JerseyClientBuilder
	at org.jboss.resteasy.core.ExceptionHandler.handleApplicationException(ExceptionHandler.java:103)
	at org.jboss.resteasy.core.ExceptionHandler.handleException(ExceptionHandler.java:323)
	at org.jboss.resteasy.core.SynchronousDispatcher.writeException(SynchronousDispatcher.java:209)
	at org.jboss.resteasy.core.SynchronousDispatcher.invoke(SynchronousDispatcher.java:495)
	at org.jboss.resteasy.core.SynchronousDispatcher.lambda$invoke$4(SynchronousDispatcher.java:252)
	at org.jboss.resteasy.core.SynchronousDispatcher.lambda$preprocess$0(SynchronousDispatcher.java:153)
	at org.jboss.resteasy.core.interception.jaxrs.PreMatchContainerRequestContext.filter(PreMatchContainerRequestContext.java:362)
	at org.jboss.resteasy.core.SynchronousDispatcher.preprocess(SynchronousDispatcher.java:156)
	at org.jboss.resteasy.core.SynchronousDispatcher.invoke(SynchronousDispatcher.java:238)
	at org.jboss.resteasy.plugins.server.servlet.ServletContainerDispatcher.service(ServletContainerDispatcher.java:229)
	at io.quarkus.resteasy.runtime.ResteasyFilter$ResteasyResponseWrapper.sendError(ResteasyFilter.java:72)
	at io.undertow.servlet.handlers.DefaultServlet.doGet(DefaultServlet.java:175)
	at javax.servlet.http.HttpServlet.service(HttpServlet.java:686)
	at javax.servlet.http.HttpServlet.service(HttpServlet.java:791)
	at io.undertow.servlet.handlers.ServletHandler.handleRequest(ServletHandler.java:74)
	at io.undertow.servlet.handlers.FilterHandler$FilterChainImpl.doFilter(FilterHandler.java:129)
	at io.quarkus.resteasy.runtime.ResteasyFilter.doFilter(ResteasyFilter.java:43)
	at io.undertow.servlet.core.ManagedFilter.doFilter(ManagedFilter.java:61)
	at io.undertow.servlet.handlers.FilterHandler$FilterChainImpl.doFilter(FilterHandler.java:131)
	at io.undertow.servlet.handlers.FilterHandler.handleRequest(FilterHandler.java:84)
	at io.undertow.servlet.handlers.security.ServletSecurityRoleHandler.handleRequest(ServletSecurityRoleHandler.java:62)
	at io.undertow.servlet.handlers.ServletChain$1.handleRequest(ServletChain.java:68)
	at io.undertow.servlet.handlers.ServletDispatchingHandler.handleRequest(ServletDispatchingHandler.java:36)
	at io.undertow.servlet.handlers.security.SSLInformationAssociationHandler.handleRequest(SSLInformationAssociationHandler.java:132)
	at io.undertow.servlet.handlers.security.ServletAuthenticationCallHandler.handleRequest(ServletAuthenticationCallHandler.java:57)
	at io.undertow.server.handlers.PredicateHandler.handleRequest(PredicateHandler.java:43)
	at io.undertow.security.handlers.AbstractConfidentialityHandler.handleRequest(AbstractConfidentialityHandler.java:46)
	at io.undertow.servlet.handlers.security.ServletConfidentialityConstraintHandler.handleRequest(ServletConfidentialityConstraintHandler.java:64)
	at io.undertow.security.handlers.AuthenticationMechanismsHandler.handleRequest(AuthenticationMechanismsHandler.java:60)
	at io.undertow.servlet.handlers.security.CachedAuthenticatedSessionHandler.handleRequest(CachedAuthenticatedSessionHandler.java:77)
	at io.undertow.security.handlers.AbstractSecurityContextAssociationHandler.handleRequest(AbstractSecurityContextAssociationHandler.java:43)
	at io.undertow.server.handlers.PredicateHandler.handleRequest(PredicateHandler.java:43)
	at io.undertow.server.handlers.PredicateHandler.handleRequest(PredicateHandler.java:43)
	at io.undertow.servlet.handlers.ServletInitialHandler.handleFirstRequest(ServletInitialHandler.java:292)
	at io.undertow.servlet.handlers.ServletInitialHandler.access$100(ServletInitialHandler.java:81)
	at io.undertow.servlet.handlers.ServletInitialHandler$2.call(ServletInitialHandler.java:138)
	at io.undertow.servlet.handlers.ServletInitialHandler$2.call(ServletInitialHandler.java:135)
	at io.undertow.servlet.core.ServletRequestContextThreadSetupAction$1.call(ServletRequestContextThreadSetupAction.java:48)
	at io.undertow.servlet.core.ContextClassLoaderSetupAction$1.call(ContextClassLoaderSetupAction.java:43)
	at io.quarkus.undertow.runtime.UndertowDeploymentTemplate$7$1$1.call(UndertowDeploymentTemplate.java:415)
	at io.undertow.servlet.handlers.ServletInitialHandler.dispatchRequest(ServletInitialHandler.java:272)
	at io.undertow.servlet.handlers.ServletInitialHandler.access$000(ServletInitialHandler.java:81)
	at io.undertow.servlet.handlers.ServletInitialHandler$1.handleRequest(ServletInitialHandler.java:104)
	at io.undertow.server.Connectors.executeRootHandler(Connectors.java:364)
	at io.undertow.server.HttpServerExchange$1.run(HttpServerExchange.java:830)
	at org.jboss.threads.ContextClassLoaderSavingRunnable.run(ContextClassLoaderSavingRunnable.java:35)
	at org.jboss.threads.EnhancedQueueExecutor.safeRun(EnhancedQueueExecutor.java:1998)
	at org.jboss.threads.EnhancedQueueExecutor$ThreadBody.doRunTask(EnhancedQueueExecutor.java:1525)
	at org.jboss.threads.EnhancedQueueExecutor$ThreadBody.run(EnhancedQueueExecutor.java:1382)
	at java.lang.Thread.run(Thread.java:748)
Caused by: java.lang.RuntimeException: java.lang.ClassNotFoundException: org.glassfish.jersey.client.JerseyClientBuilder
	at javax.ws.rs.client.ClientBuilder.newBuilder(ClientBuilder.java:132)
	at javax.ws.rs.client.ClientBuilder.newClient(ClientBuilder.java:143)
	at io.xstefank.PingResource.hello(PingResource.java:20)
	at sun.reflect.NativeMethodAccessorImpl.invoke0(Native Method)
	at sun.reflect.NativeMethodAccessorImpl.invoke(NativeMethodAccessorImpl.java:62)
	at sun.reflect.DelegatingMethodAccessorImpl.invoke(DelegatingMethodAccessorImpl.java:43)
	at java.lang.reflect.Method.invoke(Method.java:498)
	at org.jboss.resteasy.core.MethodInjectorImpl.invoke(MethodInjectorImpl.java:152)
	at org.jboss.resteasy.core.MethodInjectorImpl.lambda$invoke$3(MethodInjectorImpl.java:123)
	at java.util.concurrent.CompletableFuture.uniApply(CompletableFuture.java:602)
	at java.util.concurrent.CompletableFuture.uniApplyStage(CompletableFuture.java:614)
	at java.util.concurrent.CompletableFuture.thenApply(CompletableFuture.java:1983)
	at java.util.concurrent.CompletableFuture.thenApply(CompletableFuture.java:110)
	at org.jboss.resteasy.core.MethodInjectorImpl.invoke(MethodInjectorImpl.java:123)
	at org.jboss.resteasy.core.ResourceMethodInvoker.internalInvokeOnTarget(ResourceMethodInvoker.java:543)
	at org.jboss.resteasy.core.ResourceMethodInvoker.invokeOnTargetAfterFilter(ResourceMethodInvoker.java:418)
	at org.jboss.resteasy.core.ResourceMethodInvoker.lambda$invokeOnTarget$2(ResourceMethodInvoker.java:372)
	at org.jboss.resteasy.core.interception.jaxrs.PreMatchContainerRequestContext.filter(PreMatchContainerRequestContext.java:362)
	at org.jboss.resteasy.core.ResourceMethodInvoker.invokeOnTarget(ResourceMethodInvoker.java:374)
	at org.jboss.resteasy.core.ResourceMethodInvoker.invoke(ResourceMethodInvoker.java:343)
	at org.jboss.resteasy.core.ResourceMethodInvoker.lambda$invoke$1(ResourceMethodInvoker.java:317)
	at java.util.concurrent.CompletableFuture.uniComposeStage(CompletableFuture.java:981)
	at java.util.concurrent.CompletableFuture.thenCompose(CompletableFuture.java:2124)
	at java.util.concurrent.CompletableFuture.thenCompose(CompletableFuture.java:110)
	at org.jboss.resteasy.core.ResourceMethodInvoker.invoke(ResourceMethodInvoker.java:317)
	at org.jboss.resteasy.core.SynchronousDispatcher.invoke(SynchronousDispatcher.java:476)
	... 46 more
Caused by: java.lang.ClassNotFoundException: org.glassfish.jersey.client.JerseyClientBuilder
	at java.net.URLClassLoader.findClass(URLClassLoader.java:382)
	at java.lang.ClassLoader.loadClass(ClassLoader.java:424)
	at sun.misc.Launcher$AppClassLoader.loadClass(Launcher.java:349)
	at java.lang.ClassLoader.loadClass(ClassLoader.java:357)
	at java.lang.Class.forName0(Native Method)
	at java.lang.Class.forName(Class.java:264)
	at javax.ws.rs.client.FactoryFinder.newInstance(FactoryFinder.java:119)
	at javax.ws.rs.client.FactoryFinder.find(FactoryFinder.java:226)
	at javax.ws.rs.client.ClientBuilder.newBuilder(ClientBuilder.java:96)
	... 71 more

2019-03-26 08:15:50,224 set-fi resteasy-client-0.0.1-runner.jar[4688] INFO  [io.quarkus] (main) Quarkus stopped in 0.012s
2019-03-26 08:17:03,136 set-fi resteasy-client-0.0.1-runner.jar[5565] DEBUG [org.xnio] (main) XNIO version 3.7.0.Final
2019-03-26 08:17:03,158 set-fi resteasy-client-0.0.1-runner.jar[5565] DEBUG [org.xni.nio] (main) XNIO NIO Implementation Version 3.7.0.Final
2019-03-26 08:17:03,208 set-fi resteasy-client-0.0.1-runner.jar[5565] DEBUG [org.jbo.threads] (main) JBoss Threads version 3.0.0.Alpha4
2019-03-26 08:17:03,263 set-fi resteasy-client-0.0.1-runner.jar[5565] INFO  [io.quarkus] (main) Quarkus 0.12.0 started in 0.644s. Listening on: http://[::]:8080
2019-03-26 08:17:03,266 set-fi resteasy-client-0.0.1-runner.jar[5565] INFO  [io.quarkus] (main) Installed features: [cdi, resteasy, resteasy-jsonb]
2019-03-26 08:17:05,437 set-fi resteasy-client-0.0.1-runner.jar[5565] INFO  [io.xst.PingResource] (XNIO-1 task-1) status: 200
2019-03-26 08:17:05,446 set-fi resteasy-client-0.0.1-runner.jar[5565] INFO  [io.xst.PingResource] (XNIO-1 task-1) body: <!doctype html>
<html>
<head>
    <title>Example Domain</title>

    <meta charset="utf-8" />
    <meta http-equiv="Content-type" content="text/html; charset=utf-8" />
    <meta name="viewport" content="width=device-width, initial-scale=1" />
    <style type="text/css">
    body {
        background-color: #f0f0f2;
        margin: 0;
        padding: 0;
        font-family: "Open Sans", "Helvetica Neue", Helvetica, Arial, sans-serif;
        
    }
    div {
        width: 600px;
        margin: 5em auto;
        padding: 50px;
        background-color: #fff;
        border-radius: 1em;
    }
    a:link, a:visited {
        color: #38488f;
        text-decoration: none;
    }
    @media (max-width: 700px) {
        body {
            background-color: #fff;
        }
        div {
            width: auto;
            margin: 0 auto;
            border-radius: 0;
            padding: 1em;
        }
    }
    </style>    
</head>

<body>
<div>
    <h1>Example Domain</h1>
    <p>This domain is established to be used for illustrative examples in documents. You may use this
    domain in examples without prior coordination or asking for permission.</p>
    <p><a href="http://www.iana.org/domains/example">More information...</a></p>
</div>
</body>
</html>

2019-03-26 08:17:06,473 set-fi resteasy-client-0.0.1-runner.jar[5565] INFO  [io.quarkus] (main) Quarkus stopped in 0.012s
2019-03-26 08:18:18,078 set-fi resteasy-client-0.0.1-runner.jar[6165] DEBUG [org.xnio] (main) XNIO version 3.7.0.Final
2019-03-26 08:18:18,100 set-fi resteasy-client-0.0.1-runner.jar[6165] DEBUG [org.xni.nio] (main) XNIO NIO Implementation Version 3.7.0.Final
2019-03-26 08:18:18,149 set-fi resteasy-client-0.0.1-runner.jar[6165] DEBUG [org.jbo.threads] (main) JBoss Threads version 3.0.0.Alpha4
2019-03-26 08:18:18,213 set-fi resteasy-client-0.0.1-runner.jar[6165] INFO  [io.quarkus] (main) Quarkus 0.12.0 started in 0.663s. Listening on: http://[::]:8080
2019-03-26 08:18:18,216 set-fi resteasy-client-0.0.1-runner.jar[6165] INFO  [io.quarkus] (main) Installed features: [cdi, resteasy, resteasy-jsonb]
2019-03-26 08:18:19,547 set-fi resteasy-client-0.0.1-runner.jar[6165] INFO  [io.xst.PingResource] (XNIO-1 task-1) status: 200
2019-03-26 08:18:19,555 set-fi resteasy-client-0.0.1-runner.jar[6165] INFO  [io.xst.PingResource] (XNIO-1 task-1) body: <!doctype html>
<html>
<head>
    <title>Example Domain</title>

    <meta charset="utf-8" />
    <meta http-equiv="Content-type" content="text/html; charset=utf-8" />
    <meta name="viewport" content="width=device-width, initial-scale=1" />
    <style type="text/css">
    body {
        background-color: #f0f0f2;
        margin: 0;
        padding: 0;
        font-family: "Open Sans", "Helvetica Neue", Helvetica, Arial, sans-serif;
        
    }
    div {
        width: 600px;
        margin: 5em auto;
        padding: 50px;
        background-color: #fff;
        border-radius: 1em;
    }
    a:link, a:visited {
        color: #38488f;
        text-decoration: none;
    }
    @media (max-width: 700px) {
        body {
            background-color: #fff;
        }
        div {
            width: auto;
            margin: 0 auto;
            border-radius: 0;
            padding: 1em;
        }
    }
    </style>    
</head>

<body>
<div>
    <h1>Example Domain</h1>
    <p>This domain is established to be used for illustrative examples in documents. You may use this
    domain in examples without prior coordination or asking for permission.</p>
    <p><a href="http://www.iana.org/domains/example">More information...</a></p>
</div>
</body>
</html>

2019-03-26 08:18:20,833 set-fi resteasy-client-0.0.1-runner.jar[6165] INFO  [io.quarkus] (main) Quarkus stopped in 0.012s
2019-03-26 08:19:43,713 set-fi resteasy-client-0.0.1-runner.jar[9194] DEBUG [org.xnio] (main) XNIO version 3.7.0.Final
2019-03-26 08:19:43,735 set-fi resteasy-client-0.0.1-runner.jar[9194] DEBUG [org.xni.nio] (main) XNIO NIO Implementation Version 3.7.0.Final
2019-03-26 08:19:43,783 set-fi resteasy-client-0.0.1-runner.jar[9194] DEBUG [org.jbo.threads] (main) JBoss Threads version 3.0.0.Alpha4
2019-03-26 08:19:43,839 set-fi resteasy-client-0.0.1-runner.jar[9194] INFO  [io.quarkus] (main) Quarkus 0.12.0 started in 0.661s. Listening on: http://[::]:8080
2019-03-26 08:19:43,841 set-fi resteasy-client-0.0.1-runner.jar[9194] INFO  [io.quarkus] (main) Installed features: [cdi, resteasy, resteasy-jsonb]
2019-03-26 08:19:45,856 set-fi resteasy-client-0.0.1-runner.jar[9194] INFO  [io.xst.PingResource] (XNIO-1 task-1) status: 200
2019-03-26 08:19:45,865 set-fi resteasy-client-0.0.1-runner.jar[9194] INFO  [io.xst.PingResource] (XNIO-1 task-1) body: <!doctype html>
<html>
<head>
    <title>Example Domain</title>

    <meta charset="utf-8" />
    <meta http-equiv="Content-type" content="text/html; charset=utf-8" />
    <meta name="viewport" content="width=device-width, initial-scale=1" />
    <style type="text/css">
    body {
        background-color: #f0f0f2;
        margin: 0;
        padding: 0;
        font-family: "Open Sans", "Helvetica Neue", Helvetica, Arial, sans-serif;
        
    }
    div {
        width: 600px;
        margin: 5em auto;
        padding: 50px;
        background-color: #fff;
        border-radius: 1em;
    }
    a:link, a:visited {
        color: #38488f;
        text-decoration: none;
    }
    @media (max-width: 700px) {
        body {
            background-color: #fff;
        }
        div {
            width: auto;
            margin: 0 auto;
            border-radius: 0;
            padding: 1em;
        }
    }
    </style>    
</head>

<body>
<div>
    <h1>Example Domain</h1>
    <p>This domain is established to be used for illustrative examples in documents. You may use this
    domain in examples without prior coordination or asking for permission.</p>
    <p><a href="http://www.iana.org/domains/example">More information...</a></p>
</div>
</body>
</html>

2019-03-26 08:19:47,129 set-fi resteasy-client-0.0.1-runner.jar[9194] INFO  [io.quarkus] (main) Quarkus stopped in 0.013s
